#
# A fatal error has been detected by the Java Runtime Environment:
#
#  Internal Error (javaClasses.cpp:129), pid=6956, tid=5232
#  fatal error: Invalid layout of preloaded class
#
# JRE version: 7.0_25-b17
# Java VM: Java HotSpot(TM) 64-Bit Server VM (23.25-b01 mixed mode windows-amd64 compressed oops)
# Failed to write core dump. Minidumps are not enabled by default on client versions of Windows
#
# If you would like to submit a bug report, please visit:
#   http://bugreport.sun.com/bugreport/crash.jsp
#

---------------  T H R E A D  ---------------

Current thread (0x000000000286e800):  JavaThread "Unknown thread" [_thread_in_vm, id=5232, stack(0x0000000002740000,0x0000000002840000)]

Stack: [0x0000000002740000,0x0000000002840000]

---------------  P R O C E S S  ---------------

Java Threads: ( => current thread )

Other Threads:

=>0x000000000286e800 (exited) JavaThread "Unknown thread" [_thread_in_vm, id=5232, stack(0x0000000002740000,0x0000000002840000)]

VM state:not at safepoint (not fully initialized)

VM Mutex/Monitor currently owned by a thread: None

GC Heap History (0 events):
No events

Deoptimization events (0 events):
No events

Internal exceptions (0 events):
No events

Events (10 events):
Event: 0.033 loading class 0x00000000028942c0 done
Event: 0.034 loading class 0x0000000002894020 done
Event: 0.034 loading class 0x0000000002893e10
Event: 0.034 loading class 0x00000000028d06d0
Event: 0.034 loading class 0x00000000028d06d0 done
Event: 0.034 loading class 0x00000000028d0850
Event: 0.034 loading class 0x00000000028d0850 done
Event: 0.034 loading class 0x0000000008c3f0f0
Event: 0.034 loading class 0x0000000008c3f0f0 done
Event: 0.034 loading class 0x0000000002893e10 done


Dynamic libraries:
0x00007ff6fe2d0000 - 0x00007ff6fe303000 	C:\Program Files\Java\jre7\bin\javaw.exe
0x00007ff82aca0000 - 0x00007ff82ae49000 	C:\WINDOWS\SYSTEM32\ntdll.dll
0x00007ff829a50000 - 0x00007ff829b89000 	C:\WINDOWS\system32\KERNEL32.DLL
0x00007ff828180000 - 0x00007ff82828e000 	C:\WINDOWS\system32\KERNELBASE.dll
0x00007ff826c30000 - 0x00007ff826cbb000 	C:\WINDOWS\system32\apphelp.dll
0x00007ff823e70000 - 0x00007ff823ebc000 	C:\WINDOWS\AppPatch\AppPatch64\AcGenral.DLL
0x00007ff829b90000 - 0x00007ff829c37000 	C:\WINDOWS\system32\msvcrt.dll
0x00007ff827de0000 - 0x00007ff827e0b000 	C:\WINDOWS\SYSTEM32\SspiCli.dll
0x00007ff8299f0000 - 0x00007ff829a41000 	C:\WINDOWS\system32\SHLWAPI.dll
0x00007ff82a3c0000 - 0x00007ff82a531000 	C:\WINDOWS\system32\USER32.dll
0x00007ff82a060000 - 0x00007ff82a1d6000 	C:\WINDOWS\system32\ole32.dll
0x00007ff828510000 - 0x00007ff82991f000 	C:\WINDOWS\system32\SHELL32.dll
0x00007ff827610000 - 0x00007ff82762f000 	C:\WINDOWS\SYSTEM32\USERENV.dll
0x00007ff82a540000 - 0x00007ff82a5e5000 	C:\WINDOWS\system32\ADVAPI32.dll
0x00007ff8240b0000 - 0x00007ff8240cb000 	C:\WINDOWS\SYSTEM32\MPR.dll
0x00007ff82a1e0000 - 0x00007ff82a316000 	C:\WINDOWS\system32\RPCRT4.dll
0x00007ff829c40000 - 0x00007ff829c97000 	C:\WINDOWS\SYSTEM32\sechost.dll
0x00007ff829e40000 - 0x00007ff82a017000 	C:\WINDOWS\SYSTEM32\combase.dll
0x00007ff82ab50000 - 0x00007ff82ac95000 	C:\WINDOWS\system32\GDI32.dll
0x00007ff828000000 - 0x00007ff828014000 	C:\WINDOWS\SYSTEM32\profapi.dll
0x00007ff826650000 - 0x00007ff8266f1000 	C:\WINDOWS\SYSTEM32\SHCORE.dll
0x00007ff82a020000 - 0x00007ff82a054000 	C:\WINDOWS\system32\IMM32.DLL
0x00007ff82a5f0000 - 0x00007ff82a728000 	C:\WINDOWS\system32\MSCTF.dll
0x00007ff825e40000 - 0x00007ff82609a000 	C:\WINDOWS\WinSxS\amd64_microsoft.windows.common-controls_6595b64144ccf1df_6.0.9600.16384_none_62475f7becb72503\COMCTL32.dll
0x00000000671f0000 - 0x00000000672c1000 	C:\Program Files\Java\jre7\bin\msvcr100.dll
0x0000000066ae0000 - 0x00000000671ef000 	C:\Program Files\Java\jre7\bin\server\jvm.dll
0x00007ff8200f0000 - 0x00007ff8200f9000 	C:\WINDOWS\SYSTEM32\WSOCK32.dll
0x00007ff821090000 - 0x00007ff8210af000 	C:\WINDOWS\SYSTEM32\WINMM.dll
0x00007ff82aa60000 - 0x00007ff82aa67000 	C:\WINDOWS\system32\PSAPI.DLL
0x00007ff82a9f0000 - 0x00007ff82aa48000 	C:\WINDOWS\system32\WS2_32.dll
0x00007ff821060000 - 0x00007ff82108a000 	C:\WINDOWS\SYSTEM32\WINMMBASE.dll
0x00007ff829920000 - 0x00007ff829929000 	C:\WINDOWS\system32\NSI.dll
0x00007ff8284c0000 - 0x00007ff82850a000 	C:\WINDOWS\SYSTEM32\cfgmgr32.dll
0x00007ff826e90000 - 0x00007ff826eb6000 	C:\WINDOWS\SYSTEM32\DEVOBJ.dll
0x00000000681b0000 - 0x00000000681bf000 	C:\Program Files\Java\jre7\bin\verify.dll
0x0000000068180000 - 0x00000000681a8000 	C:\Program Files\Java\jre7\bin\java.dll
0x0000000068160000 - 0x0000000068175000 	C:\Program Files\Java\jre7\bin\zip.dll

VM Arguments:
jvm_args: -Dfile.encoding=Cp1252 -Xbootclasspath:C:\anish\Android_devolopment\adt-bundle-windows-x86_64-20131030\sdk\platforms\android-19\android.jar 
java_command: com.example.tap_latest.Test
Launcher Type: SUN_STANDARD

Environment Variables:
CLASSPATH=.;C:\Users\Anish\algs4\algs4.jar;C:\Users\Anish\algs4\stdlib.jar;
PATH=C:/Users/Anish/algs4/java/bin/server;C:/Users/Anish/algs4/java/bin;C:/Users/Anish/algs4/java/lib/amd64;C:\Program Files\Broadcom\Broadcom 802.11\Driver;;;C:\Program Files (x86)\ImageMagick-6.8.7-Q16;C:\Users\Anish\algs4\java\bin;C:\PROGRAM FILES (X86)\HP SIMPLEPASS\X64;C:\PROGRAM FILES (X86)\HP SIMPLEPASS\;C:\PROGRAM FILES (X86)\INTEL\ICLS CLIENT\;C:\PROGRAM FILES\INTEL\ICLS CLIENT\;C:\PROGRAM FILES\COMMON FILES\MICROSOFT SHARED\WINDOWS LIVE;C:\PROGRAM FILES (X86)\COMMON FILES\MICROSOFT SHARED\WINDOWS LIVE;C:\WINDOWS\SYSTEM32;C:\WINDOWS;C:\WINDOWS\SYSTEM32\WBEM;C:\WINDOWS\SYSTEM32\WINDOWSPOWERSHELL\V1.0\;C:\PROGRAM FILES (X86)\WINDOWS LIVE\SHARED;C:\PROGRAM FILES\INTEL\INTEL(R) MANAGEMENT ENGINE COMPONENTS\DAL;C:\PROGRAM FILES\INTEL\INTEL(R) MANAGEMENT ENGINE COMPONENTS\IPT;C:\PROGRAM FILES (X86)\INTEL\INTEL(R) MANAGEMENT ENGINE COMPONENTS\DAL;C:\PROGRAM FILES (X86)\INTEL\INTEL(R) MANAGEMENT ENGINE COMPONENTS\IPT;C:\PROGRAM FILES (X86)\INTEL\OPENCL SDK\2.0\BIN\X86;C:\PROGRAM FILES (X86)\INTEL\OPENCL SDK\2.0\BIN\X64;C:\WINDOWS\system32;C:\WINDOWS\System32\Wbem;C:\WINDOWS\System32\WindowsPowerShell\v1.0\;C:\Program Files (x86)\SMLNJ\bin\;C:\Program Files\MATLAB\R2013a\bin;C:\Program Files (x86)\Intel\OpenCL SDK\3.0\bin\x86;C:\Program Files (x86)\Intel\OpenCL SDK\3.0\bin\x64;C:\Program Files (x86)\QuickTime\QTSystem\;C:\Program Files (x86)\B1 Free Archiver;C:\WINDOWS\system32;C:\WINDOWS;C:\WINDOWS\System32\Wbem;C:\WINDOWS\System32\WindowsPowerShell\v1.0\;C:\Program Files\AccelerEyes\ArrayFire\2.0\lib64;C:\Program Files\nodejs\;C:\Program Files (x86)\Microchip\xc32\v1.21\bin;C:\Users\Anish\algs4\bin;C:\Users\Anish\algs4\java\bin;C:\Users\Anish\AppData\Roaming\npm;C:\anish\Android_devolopment\adt-bundle-windows-x86_64-20131030\eclipse;
USERNAME=Anish
OS=Windows_NT
PROCESSOR_IDENTIFIER=Intel64 Family 6 Model 42 Stepping 7, GenuineIntel



---------------  S Y S T E M  ---------------

OS: Windows 8 , 64 bit Build 9200 

CPU:total 4 (2 cores per cpu, 2 threads per core) family 6 model 42 stepping 7, cmov, cx8, fxsr, mmx, sse, sse2, sse3, ssse3, sse4.1, sse4.2, popcnt, avx, ht, tsc, tscinvbit

Memory: 4k page, physical 4094268k(1132368k free), swap 8288572k(4742828k free)

vm_info: Java HotSpot(TM) 64-Bit Server VM (23.25-b01) for windows-amd64 JRE (1.7.0_25-b17), built on Jun 21 2013 12:58:32 by "java_re" with unknown MS VC++:1600

time: Tue Dec 10 18:34:25 2013
elapsed time: 0 seconds

